<?xml version="1.0" encoding="UTF-8"?>
<testsuite name="ru.hse.cs.java2020.task03.MainTest" tests="1" skipped="0" failures="0" errors="0" timestamp="2020-06-08T09:32:35" hostname="MacBook-Pro-Dmitrij-4.local" time="0.003">
  <properties/>
  <testcase name="testTrueIsTrue" classname="ru.hse.cs.java2020.task03.MainTest" time="0.003"/>
  <system-out><![CDATA[]]></system-out>
  <system-err><![CDATA[]]></system-err>
</testsuite>
